\BOOKMARK [0][-]{chapter.1}{Abstract}{}% 1
\BOOKMARK [0][-]{chapter.2}{Introduction}{}% 2
\BOOKMARK [1][-]{section.2.1}{Problem Statement}{chapter.2}% 3
\BOOKMARK [1][-]{section.2.2}{About Dataset}{chapter.2}% 4
\BOOKMARK [1][-]{section.2.3}{Dataset Statistics}{chapter.2}% 5
\BOOKMARK [2][-]{subsection.2.3.1}{Train, validation and test dataset}{section.2.3}% 6
\BOOKMARK [1][-]{section.2.4}{Literature Review}{chapter.2}% 7
\BOOKMARK [1][-]{section.2.5}{Outcome}{chapter.2}% 8
\BOOKMARK [0][-]{chapter.3}{Project Management}{}% 9
\BOOKMARK [1][-]{section.3.1}{Agile Development Methodology}{chapter.3}% 10
\BOOKMARK [1][-]{section.3.2}{Trello}{chapter.3}% 11
\BOOKMARK [1][-]{section.3.3}{Discord}{chapter.3}% 12
\BOOKMARK [1][-]{section.3.4}{Excel}{chapter.3}% 13
\BOOKMARK [0][-]{chapter.4}{Feature Engineering and Exploratory Data Analysis}{}% 14
\BOOKMARK [1][-]{section.4.1}{Dataset Exploration}{chapter.4}% 15
\BOOKMARK [1][-]{section.4.2}{Min Max Scaling}{chapter.4}% 16
\BOOKMARK [0][-]{chapter.5}{Model Development and Evaluation}{}% 17
\BOOKMARK [1][-]{section.5.1}{Logistic Regression}{chapter.5}% 18
\BOOKMARK [1][-]{section.5.2}{Boosting}{chapter.5}% 19
\BOOKMARK [2][-]{subsection.5.2.1}{XGBClassifier}{section.5.2}% 20
\BOOKMARK [2][-]{subsection.5.2.2}{AdaBoost, Gradient Boosting and LGBMClassifier}{section.5.2}% 21
\BOOKMARK [1][-]{section.5.3}{Random Forest and SVM}{chapter.5}% 22
\BOOKMARK [2][-]{subsection.5.3.1}{Random Forest}{section.5.3}% 23
\BOOKMARK [1][-]{section.5.4}{SVM}{chapter.5}% 24
\BOOKMARK [0][-]{chapter.6}{Conclusion}{}% 25
