This is pdfTeX, Version 3.14159265-2.6-1.40.20 (TeX Live 2019/Debian) (preloaded format=pdflatex 2022.11.8)  30 APR 2023 11:35
entering extended mode
 restricted \write18 enabled.
 file:line:error style messages enabled.
 %&-line parsing enabled.
**"/media/nirajan/cea4c185-1562-436a-bf0b-3d5b8338414e/Wine Quality Classification/Report/main.tex"
(/media/nirajan/cea4c185-1562-436a-bf0b-3d5b8338414e/Wine Quality Classification/Report/main.tex
LaTeX2e <2020-02-02> patch level 2
L3 programming layer <2020-02-14> (/usr/share/texlive/texmf-dist/tex/latex/base/report.cls
Document Class: report 2019/12/20 v1.4l Standard LaTeX document class
(/usr/share/texlive/texmf-dist/tex/latex/base/size12.clo
File: size12.clo 2019/12/20 v1.4l Standard LaTeX file (size option)
)
\c@part=\count167
\c@chapter=\count168
\c@section=\count169
\c@subsection=\count170
\c@subsubsection=\count171
\c@paragraph=\count172
\c@subparagraph=\count173
\c@figure=\count174
\c@table=\count175
\abovecaptionskip=\skip47
\belowcaptionskip=\skip48
\bibindent=\dimen134
) (/usr/share/texlive/texmf-dist/tex/latex/geometry/geometry.sty
Package: geometry 2020/01/02 v5.9 Page Geometry
 (/usr/share/texlive/texmf-dist/tex/latex/graphics/keyval.sty
Package: keyval 2014/10/28 v1.15 key=value parser (DPC)
\KV@toks@=\toks14
) (/usr/share/texlive/texmf-dist/tex/generic/iftex/ifvtex.sty
Package: ifvtex 2019/10/25 v1.7 ifvtex legacy package. Use iftex instead.
 (/usr/share/texlive/texmf-dist/tex/generic/iftex/iftex.sty
Package: iftex 2019/11/07 v1.0c TeX engine tests
))
\Gm@cnth=\count176
\Gm@cntv=\count177
\c@Gm@tempcnt=\count178
\Gm@bindingoffset=\dimen135
\Gm@wd@mp=\dimen136
\Gm@odd@mp=\dimen137
\Gm@even@mp=\dimen138
\Gm@layoutwidth=\dimen139
\Gm@layoutheight=\dimen140
\Gm@layouthoffset=\dimen141
\Gm@layoutvoffset=\dimen142
\Gm@dimlist=\toks15
) (/usr/share/texlive/texmf-dist/tex/latex/graphics/graphicx.sty
Package: graphicx 2019/11/30 v1.2a Enhanced LaTeX Graphics (DPC,SPQR)
 (/usr/share/texlive/texmf-dist/tex/latex/graphics/graphics.sty
Package: graphics 2019/11/30 v1.4a Standard LaTeX Graphics (DPC,SPQR)
 (/usr/share/texlive/texmf-dist/tex/latex/graphics/trig.sty
Package: trig 2016/01/03 v1.10 sin cos tan (DPC)
) (/usr/share/texlive/texmf-dist/tex/latex/graphics-cfg/graphics.cfg
File: graphics.cfg 2016/06/04 v1.11 sample graphics configuration
)
Package graphics Info: Driver file: pdftex.def on input line 105.
 (/usr/share/texlive/texmf-dist/tex/latex/graphics-def/pdftex.def
File: pdftex.def 2018/01/08 v1.0l Graphics/color driver for pdftex
))
\Gin@req@height=\dimen143
\Gin@req@width=\dimen144
) (/usr/share/texlive/texmf-dist/tex/latex/mathtools/mathtools.sty
Package: mathtools 2020/01/17 v1.23 mathematical typesetting tools
 (/usr/share/texlive/texmf-dist/tex/latex/tools/calc.sty
Package: calc 2017/05/25 v4.3 Infix arithmetic (KKT,FJ)
\calc@Acount=\count179
\calc@Bcount=\count180
\calc@Adimen=\dimen145
\calc@Bdimen=\dimen146
\calc@Askip=\skip49
\calc@Bskip=\skip50
LaTeX Info: Redefining \setlength on input line 80.
LaTeX Info: Redefining \addtolength on input line 81.
\calc@Ccount=\count181
\calc@Cskip=\skip51
) (/usr/share/texlive/texmf-dist/tex/latex/mathtools/mhsetup.sty
Package: mhsetup 2017/03/31 v1.3 programming setup (MH)
) (/usr/share/texlive/texmf-dist/tex/latex/amsmath/amsmath.sty
Package: amsmath 2020/01/20 v2.17e AMS math features
\@mathmargin=\skip52

For additional information on amsmath, use the `?' option.
(/usr/share/texlive/texmf-dist/tex/latex/amsmath/amstext.sty
Package: amstext 2000/06/29 v2.01 AMS text
 (/usr/share/texlive/texmf-dist/tex/latex/amsmath/amsgen.sty
File: amsgen.sty 1999/11/30 v2.0 generic functions
\@emptytoks=\toks16
\ex@=\dimen147
)) (/usr/share/texlive/texmf-dist/tex/latex/amsmath/amsbsy.sty
Package: amsbsy 1999/11/29 v1.2d Bold Symbols
\pmbraise@=\dimen148
) (/usr/share/texlive/texmf-dist/tex/latex/amsmath/amsopn.sty
Package: amsopn 2016/03/08 v2.02 operator names
)
\inf@bad=\count182
LaTeX Info: Redefining \frac on input line 227.
\uproot@=\count183
\leftroot@=\count184
LaTeX Info: Redefining \overline on input line 389.
\classnum@=\count185
\DOTSCASE@=\count186
LaTeX Info: Redefining \ldots on input line 486.
LaTeX Info: Redefining \dots on input line 489.
LaTeX Info: Redefining \cdots on input line 610.
\Mathstrutbox@=\box45
\strutbox@=\box46
\big@size=\dimen149
LaTeX Font Info:    Redeclaring font encoding OML on input line 733.
LaTeX Font Info:    Redeclaring font encoding OMS on input line 734.
\macc@depth=\count187
\c@MaxMatrixCols=\count188
\dotsspace@=\muskip16
\c@parentequation=\count189
\dspbrk@lvl=\count190
\tag@help=\toks17
\row@=\count191
\column@=\count192
\maxfields@=\count193
\andhelp@=\toks18
\eqnshift@=\dimen150
\alignsep@=\dimen151
\tagshift@=\dimen152
\tagwidth@=\dimen153
\totwidth@=\dimen154
\lineht@=\dimen155
\@envbody=\toks19
\multlinegap=\skip53
\multlinetaggap=\skip54
\mathdisplay@stack=\toks20
LaTeX Info: Redefining \[ on input line 2859.
LaTeX Info: Redefining \] on input line 2860.
)
LaTeX Info: Thecontrolsequence`\('isalreadyrobust on input line 129.
LaTeX Info: Thecontrolsequence`\)'isalreadyrobust on input line 129.
LaTeX Info: Thecontrolsequence`\['isalreadyrobust on input line 129.
LaTeX Info: Thecontrolsequence`\]'isalreadyrobust on input line 129.
\g_MT_multlinerow_int=\count194
\l_MT_multwidth_dim=\dimen156
\origjot=\skip55
\l_MT_shortvdotswithinadjustabove_dim=\dimen157
\l_MT_shortvdotswithinadjustbelow_dim=\dimen158
\l_MT_above_intertext_sep=\dimen159
\l_MT_below_intertext_sep=\dimen160
\l_MT_above_shortintertext_sep=\dimen161
\l_MT_below_shortintertext_sep=\dimen162
) (/usr/share/texlive/texmf-dist/tex/latex/pgf/frontendlayer/tikz.sty (/usr/share/texlive/texmf-dist/tex/latex/pgf/basiclayer/pgf.sty (/usr/share/texlive/texmf-dist/tex/latex/pgf/utilities/pgfrcs.sty (/usr/share/texlive/texmf-dist/tex/generic/pgf/utilities/pgfutil-common.tex
\pgfutil@everybye=\toks21
\pgfutil@tempdima=\dimen163
\pgfutil@tempdimb=\dimen164
 (/usr/share/texlive/texmf-dist/tex/generic/pgf/utilities/pgfutil-common-lists.tex)) (/usr/share/texlive/texmf-dist/tex/generic/pgf/utilities/pgfutil-latex.def
\pgfutil@abb=\box47
 (/usr/share/texlive/texmf-dist/tex/latex/ms/everyshi.sty
Package: everyshi 2001/05/15 v3.00 EveryShipout Package (MS)
)) (/usr/share/texlive/texmf-dist/tex/generic/pgf/utilities/pgfrcs.code.tex (/usr/share/texlive/texmf-dist/tex/generic/pgf/pgf.revision.tex)
Package: pgfrcs 2020/01/08 v3.1.5b (3.1.5b)
))
Package: pgf 2020/01/08 v3.1.5b (3.1.5b)
 (/usr/share/texlive/texmf-dist/tex/latex/pgf/basiclayer/pgfcore.sty (/usr/share/texlive/texmf-dist/tex/latex/pgf/systemlayer/pgfsys.sty (/usr/share/texlive/texmf-dist/tex/generic/pgf/systemlayer/pgfsys.code.tex
Package: pgfsys 2020/01/08 v3.1.5b (3.1.5b)
 (/usr/share/texlive/texmf-dist/tex/generic/pgf/utilities/pgfkeys.code.tex
\pgfkeys@pathtoks=\toks22
\pgfkeys@temptoks=\toks23
 (/usr/share/texlive/texmf-dist/tex/generic/pgf/utilities/pgfkeysfiltered.code.tex
\pgfkeys@tmptoks=\toks24
))
\pgf@x=\dimen165
\pgf@y=\dimen166
\pgf@xa=\dimen167
\pgf@ya=\dimen168
\pgf@xb=\dimen169
\pgf@yb=\dimen170
\pgf@xc=\dimen171
\pgf@yc=\dimen172
\pgf@xd=\dimen173
\pgf@yd=\dimen174
\w@pgf@writea=\write3
\r@pgf@reada=\read2
\c@pgf@counta=\count195
\c@pgf@countb=\count196
\c@pgf@countc=\count197
\c@pgf@countd=\count198
\t@pgf@toka=\toks25
\t@pgf@tokb=\toks26
\t@pgf@tokc=\toks27
\pgf@sys@id@count=\count199
 (/usr/share/texlive/texmf-dist/tex/generic/pgf/systemlayer/pgf.cfg
File: pgf.cfg 2020/01/08 v3.1.5b (3.1.5b)
)
Driver file for pgf: pgfsys-pdftex.def
 (/usr/share/texlive/texmf-dist/tex/generic/pgf/systemlayer/pgfsys-pdftex.def
File: pgfsys-pdftex.def 2020/01/08 v3.1.5b (3.1.5b)
 (/usr/share/texlive/texmf-dist/tex/generic/pgf/systemlayer/pgfsys-common-pdf.def
File: pgfsys-common-pdf.def 2020/01/08 v3.1.5b (3.1.5b)
))) (/usr/share/texlive/texmf-dist/tex/generic/pgf/systemlayer/pgfsyssoftpath.code.tex
File: pgfsyssoftpath.code.tex 2020/01/08 v3.1.5b (3.1.5b)
\pgfsyssoftpath@smallbuffer@items=\count266
\pgfsyssoftpath@bigbuffer@items=\count267
) (/usr/share/texlive/texmf-dist/tex/generic/pgf/systemlayer/pgfsysprotocol.code.tex
File: pgfsysprotocol.code.tex 2020/01/08 v3.1.5b (3.1.5b)
)) (/usr/share/texlive/texmf-dist/tex/latex/xcolor/xcolor.sty
Package: xcolor 2016/05/11 v2.12 LaTeX color extensions (UK)
 (/usr/share/texlive/texmf-dist/tex/latex/graphics-cfg/color.cfg
File: color.cfg 2016/01/02 v1.6 sample color configuration
)
Package xcolor Info: Driver file: pdftex.def on input line 225.
Package xcolor Info: Model `cmy' substituted by `cmy0' on input line 1348.
Package xcolor Info: Model `hsb' substituted by `rgb' on input line 1352.
Package xcolor Info: Model `RGB' extended on input line 1364.
Package xcolor Info: Model `HTML' substituted by `rgb' on input line 1366.
Package xcolor Info: Model `Hsb' substituted by `hsb' on input line 1367.
Package xcolor Info: Model `tHsb' substituted by `hsb' on input line 1368.
Package xcolor Info: Model `HSB' substituted by `hsb' on input line 1369.
Package xcolor Info: Model `Gray' substituted by `gray' on input line 1370.
Package xcolor Info: Model `wave' substituted by `hsb' on input line 1371.
) (/usr/share/texlive/texmf-dist/tex/generic/pgf/basiclayer/pgfcore.code.tex
Package: pgfcore 2020/01/08 v3.1.5b (3.1.5b)
 (/usr/share/texlive/texmf-dist/tex/generic/pgf/math/pgfmath.code.tex (/usr/share/texlive/texmf-dist/tex/generic/pgf/math/pgfmathcalc.code.tex (/usr/share/texlive/texmf-dist/tex/generic/pgf/math/pgfmathutil.code.tex) (/usr/share/texlive/texmf-dist/tex/generic/pgf/math/pgfmathparser.code.tex
\pgfmath@dimen=\dimen175
\pgfmath@count=\count268
\pgfmath@box=\box48
\pgfmath@toks=\toks28
\pgfmath@stack@operand=\toks29
\pgfmath@stack@operation=\toks30
) (/usr/share/texlive/texmf-dist/tex/generic/pgf/math/pgfmathfunctions.code.tex (/usr/share/texlive/texmf-dist/tex/generic/pgf/math/pgfmathfunctions.basic.code.tex) (/usr/share/texlive/texmf-dist/tex/generic/pgf/math/pgfmathfunctions.trigonometric.code.tex) (/usr/share/texlive/texmf-dist/tex/generic/pgf/math/pgfmathfunctions.random.code.tex) (/usr/share/texlive/texmf-dist/tex/generic/pgf/math/pgfmathfunctions.comparison.code.tex) (/usr/share/texlive/texmf-dist/tex/generic/pgf/math/pgfmathfunctions.base.code.tex) (/usr/share/texlive/texmf-dist/tex/generic/pgf/math/pgfmathfunctions.round.code.tex) (/usr/share/texlive/texmf-dist/tex/generic/pgf/math/pgfmathfunctions.misc.code.tex) (/usr/share/texlive/texmf-dist/tex/generic/pgf/math/pgfmathfunctions.integerarithmetics.code.tex))) (/usr/share/texlive/texmf-dist/tex/generic/pgf/math/pgfmathfloat.code.tex
\c@pgfmathroundto@lastzeros=\count269
)) (/usr/share/texlive/texmf-dist/tex/generic/pgf/math/pgfint.code.tex) (/usr/share/texlive/texmf-dist/tex/generic/pgf/basiclayer/pgfcorepoints.code.tex
File: pgfcorepoints.code.tex 2020/01/08 v3.1.5b (3.1.5b)
\pgf@picminx=\dimen176
\pgf@picmaxx=\dimen177
\pgf@picminy=\dimen178
\pgf@picmaxy=\dimen179
\pgf@pathminx=\dimen180
\pgf@pathmaxx=\dimen181
\pgf@pathminy=\dimen182
\pgf@pathmaxy=\dimen183
\pgf@xx=\dimen184
\pgf@xy=\dimen185
\pgf@yx=\dimen186
\pgf@yy=\dimen187
\pgf@zx=\dimen188
\pgf@zy=\dimen189
) (/usr/share/texlive/texmf-dist/tex/generic/pgf/basiclayer/pgfcorepathconstruct.code.tex
File: pgfcorepathconstruct.code.tex 2020/01/08 v3.1.5b (3.1.5b)
\pgf@path@lastx=\dimen190
\pgf@path@lasty=\dimen191
) (/usr/share/texlive/texmf-dist/tex/generic/pgf/basiclayer/pgfcorepathusage.code.tex
File: pgfcorepathusage.code.tex 2020/01/08 v3.1.5b (3.1.5b)
\pgf@shorten@end@additional=\dimen192
\pgf@shorten@start@additional=\dimen193
) (/usr/share/texlive/texmf-dist/tex/generic/pgf/basiclayer/pgfcorescopes.code.tex
File: pgfcorescopes.code.tex 2020/01/08 v3.1.5b (3.1.5b)
\pgfpic=\box49
\pgf@hbox=\box50
\pgf@layerbox@main=\box51
\pgf@picture@serial@count=\count270
) (/usr/share/texlive/texmf-dist/tex/generic/pgf/basiclayer/pgfcoregraphicstate.code.tex
File: pgfcoregraphicstate.code.tex 2020/01/08 v3.1.5b (3.1.5b)
\pgflinewidth=\dimen194
) (/usr/share/texlive/texmf-dist/tex/generic/pgf/basiclayer/pgfcoretransformations.code.tex
File: pgfcoretransformations.code.tex 2020/01/08 v3.1.5b (3.1.5b)
\pgf@pt@x=\dimen195
\pgf@pt@y=\dimen196
\pgf@pt@temp=\dimen197
) (/usr/share/texlive/texmf-dist/tex/generic/pgf/basiclayer/pgfcorequick.code.tex
File: pgfcorequick.code.tex 2020/01/08 v3.1.5b (3.1.5b)
) (/usr/share/texlive/texmf-dist/tex/generic/pgf/basiclayer/pgfcoreobjects.code.tex
File: pgfcoreobjects.code.tex 2020/01/08 v3.1.5b (3.1.5b)
) (/usr/share/texlive/texmf-dist/tex/generic/pgf/basiclayer/pgfcorepathprocessing.code.tex
File: pgfcorepathprocessing.code.tex 2020/01/08 v3.1.5b (3.1.5b)
) (/usr/share/texlive/texmf-dist/tex/generic/pgf/basiclayer/pgfcorearrows.code.tex
File: pgfcorearrows.code.tex 2020/01/08 v3.1.5b (3.1.5b)
\pgfarrowsep=\dimen198
) (/usr/share/texlive/texmf-dist/tex/generic/pgf/basiclayer/pgfcoreshade.code.tex
File: pgfcoreshade.code.tex 2020/01/08 v3.1.5b (3.1.5b)
\pgf@max=\dimen199
\pgf@sys@shading@range@num=\count271
\pgf@shadingcount=\count272
) (/usr/share/texlive/texmf-dist/tex/generic/pgf/basiclayer/pgfcoreimage.code.tex
File: pgfcoreimage.code.tex 2020/01/08 v3.1.5b (3.1.5b)
 (/usr/share/texlive/texmf-dist/tex/generic/pgf/basiclayer/pgfcoreexternal.code.tex
File: pgfcoreexternal.code.tex 2020/01/08 v3.1.5b (3.1.5b)
\pgfexternal@startupbox=\box52
)) (/usr/share/texlive/texmf-dist/tex/generic/pgf/basiclayer/pgfcorelayers.code.tex
File: pgfcorelayers.code.tex 2020/01/08 v3.1.5b (3.1.5b)
) (/usr/share/texlive/texmf-dist/tex/generic/pgf/basiclayer/pgfcoretransparency.code.tex
File: pgfcoretransparency.code.tex 2020/01/08 v3.1.5b (3.1.5b)
) (/usr/share/texlive/texmf-dist/tex/generic/pgf/basiclayer/pgfcorepatterns.code.tex
File: pgfcorepatterns.code.tex 2020/01/08 v3.1.5b (3.1.5b)
) (/usr/share/texlive/texmf-dist/tex/generic/pgf/basiclayer/pgfcorerdf.code.tex
File: pgfcorerdf.code.tex 2020/01/08 v3.1.5b (3.1.5b)
))) (/usr/share/texlive/texmf-dist/tex/generic/pgf/modules/pgfmoduleshapes.code.tex
File: pgfmoduleshapes.code.tex 2020/01/08 v3.1.5b (3.1.5b)
\pgfnodeparttextbox=\box53
) (/usr/share/texlive/texmf-dist/tex/generic/pgf/modules/pgfmoduleplot.code.tex
File: pgfmoduleplot.code.tex 2020/01/08 v3.1.5b (3.1.5b)
) (/usr/share/texlive/texmf-dist/tex/latex/pgf/compatibility/pgfcomp-version-0-65.sty
Package: pgfcomp-version-0-65 2020/01/08 v3.1.5b (3.1.5b)
\pgf@nodesepstart=\dimen256
\pgf@nodesepend=\dimen257
) (/usr/share/texlive/texmf-dist/tex/latex/pgf/compatibility/pgfcomp-version-1-18.sty
Package: pgfcomp-version-1-18 2020/01/08 v3.1.5b (3.1.5b)
)) (/usr/share/texlive/texmf-dist/tex/latex/pgf/utilities/pgffor.sty (/usr/share/texlive/texmf-dist/tex/latex/pgf/utilities/pgfkeys.sty (/usr/share/texlive/texmf-dist/tex/generic/pgf/utilities/pgfkeys.code.tex)) (/usr/share/texlive/texmf-dist/tex/latex/pgf/math/pgfmath.sty (/usr/share/texlive/texmf-dist/tex/generic/pgf/math/pgfmath.code.tex)) (/usr/share/texlive/texmf-dist/tex/generic/pgf/utilities/pgffor.code.tex
Package: pgffor 2020/01/08 v3.1.5b (3.1.5b)
 (/usr/share/texlive/texmf-dist/tex/generic/pgf/math/pgfmath.code.tex)
\pgffor@iter=\dimen258
\pgffor@skip=\dimen259
\pgffor@stack=\toks31
\pgffor@toks=\toks32
)) (/usr/share/texlive/texmf-dist/tex/generic/pgf/frontendlayer/tikz/tikz.code.tex
Package: tikz 2020/01/08 v3.1.5b (3.1.5b)
 (/usr/share/texlive/texmf-dist/tex/generic/pgf/libraries/pgflibraryplothandlers.code.tex
File: pgflibraryplothandlers.code.tex 2020/01/08 v3.1.5b (3.1.5b)
\pgf@plot@mark@count=\count273
\pgfplotmarksize=\dimen260
)
\tikz@lastx=\dimen261
\tikz@lasty=\dimen262
\tikz@lastxsaved=\dimen263
\tikz@lastysaved=\dimen264
\tikz@lastmovetox=\dimen265
\tikz@lastmovetoy=\dimen266
\tikzleveldistance=\dimen267
\tikzsiblingdistance=\dimen268
\tikz@figbox=\box54
\tikz@figbox@bg=\box55
\tikz@tempbox=\box56
\tikz@tempbox@bg=\box57
\tikztreelevel=\count274
\tikznumberofchildren=\count275
\tikznumberofcurrentchild=\count276
\tikz@fig@count=\count277
 (/usr/share/texlive/texmf-dist/tex/generic/pgf/modules/pgfmodulematrix.code.tex
File: pgfmodulematrix.code.tex 2020/01/08 v3.1.5b (3.1.5b)
\pgfmatrixcurrentrow=\count278
\pgfmatrixcurrentcolumn=\count279
\pgf@matrix@numberofcolumns=\count280
)
\tikz@expandcount=\count281
 (/usr/share/texlive/texmf-dist/tex/generic/pgf/frontendlayer/tikz/libraries/tikzlibrarytopaths.code.tex
File: tikzlibrarytopaths.code.tex 2020/01/08 v3.1.5b (3.1.5b)
))) (/usr/share/texlive/texmf-dist/tex/latex/parskip/parskip.sty
Package: parskip 2020-01-22 v2.0d non-zero parskip adjustments
 (/usr/share/texlive/texmf-dist/tex/latex/kvoptions/kvoptions.sty
Package: kvoptions 2019/11/29 v3.13 Key value format for package options (HO)
 (/usr/share/texlive/texmf-dist/tex/generic/ltxcmds/ltxcmds.sty
Package: ltxcmds 2019/12/15 v1.24 LaTeX kernel commands for general use (HO)
) (/usr/share/texlive/texmf-dist/tex/generic/kvsetkeys/kvsetkeys.sty
Package: kvsetkeys 2019/12/15 v1.18 Key value parser (HO)
)) (/usr/share/texlive/texmf-dist/tex/latex/etoolbox/etoolbox.sty
Package: etoolbox 2019/09/21 v2.5h e-TeX tools for LaTeX (JAW)
\etb@tempcnta=\count282
)) (/usr/share/texlive/texmf-dist/tex/latex/float/float.sty
Package: float 2001/11/08 v1.3d Float enhancements (AL)
\c@float@type=\count283
\float@exts=\toks33
\float@box=\box58
\@float@everytoks=\toks34
\@floatcapt=\box59
) (/usr/share/texlive/texmf-dist/tex/latex/enumitem/enumitem.sty
Package: enumitem 2019/06/20 v3.9 Customized lists
\labelindent=\skip56
\enit@outerparindent=\dimen269
\enit@toks=\toks35
\enit@inbox=\box60
\enit@count@id=\count284
\enitdp@description=\count285
) (/usr/share/texlive/texmf-dist/tex/latex/hyperref/hyperref.sty
Package: hyperref 2020/01/14 v7.00d Hypertext links for LaTeX
 (/usr/share/texlive/texmf-dist/tex/latex/pdftexcmds/pdftexcmds.sty
Package: pdftexcmds 2019/11/24 v0.31 Utility functions of pdfTeX for LuaTeX (HO)
 (/usr/share/texlive/texmf-dist/tex/generic/infwarerr/infwarerr.sty
Package: infwarerr 2019/12/03 v1.5 Providing info/warning/error messages (HO)
)
Package pdftexcmds Info: \pdf@primitive is available.
Package pdftexcmds Info: \pdf@ifprimitive is available.
Package pdftexcmds Info: \pdfdraftmode found.
) (/usr/share/texlive/texmf-dist/tex/generic/kvdefinekeys/kvdefinekeys.sty
Package: kvdefinekeys 2019-12-19 v1.6 Define keys (HO)
) (/usr/share/texlive/texmf-dist/tex/generic/pdfescape/pdfescape.sty
Package: pdfescape 2019/12/09 v1.15 Implements pdfTeX's escape features (HO)
) (/usr/share/texlive/texmf-dist/tex/latex/hycolor/hycolor.sty
Package: hycolor 2020-01-27 v1.10 Color options for hyperref/bookmark (HO)
) (/usr/share/texlive/texmf-dist/tex/latex/letltxmacro/letltxmacro.sty
Package: letltxmacro 2019/12/03 v1.6 Let assignment for LaTeX macros (HO)
) (/usr/share/texlive/texmf-dist/tex/latex/auxhook/auxhook.sty
Package: auxhook 2019-12-17 v1.6 Hooks for auxiliary files (HO)
)
\@linkdim=\dimen270
\Hy@linkcounter=\count286
\Hy@pagecounter=\count287
 (/usr/share/texlive/texmf-dist/tex/latex/hyperref/pd1enc.def
File: pd1enc.def 2020/01/14 v7.00d Hyperref: PDFDocEncoding definition (HO)
Now handling font encoding PD1 ...
... no UTF-8 mapping file for font encoding PD1
) (/usr/share/texlive/texmf-dist/tex/generic/intcalc/intcalc.sty
Package: intcalc 2019/12/15 v1.3 Expandable calculations with integers (HO)
) (/usr/share/texlive/texmf-dist/tex/generic/etexcmds/etexcmds.sty
Package: etexcmds 2019/12/15 v1.7 Avoid name clashes with e-TeX commands (HO)
)
\Hy@SavedSpaceFactor=\count288
\pdfmajorversion=\count289
Package hyperref Info: Hyper figures OFF on input line 4547.
Package hyperref Info: Link nesting OFF on input line 4552.
Package hyperref Info: Hyper index ON on input line 4555.
Package hyperref Info: Plain pages OFF on input line 4562.
Package hyperref Info: Backreferencing OFF on input line 4567.
Package hyperref Info: Implicit mode ON; LaTeX internals redefined.
Package hyperref Info: Bookmarks ON on input line 4800.
\c@Hy@tempcnt=\count290
 (/usr/share/texlive/texmf-dist/tex/latex/url/url.sty
\Urlmuskip=\muskip17
Package: url 2013/09/16  ver 3.4  Verb mode for urls, etc.
)
LaTeX Info: Redefining \url on input line 5159.
\XeTeXLinkMargin=\dimen271
 (/usr/share/texlive/texmf-dist/tex/generic/bitset/bitset.sty
Package: bitset 2019/12/09 v1.3 Handle bit-vector datatype (HO)
 (/usr/share/texlive/texmf-dist/tex/generic/bigintcalc/bigintcalc.sty
Package: bigintcalc 2019/12/15 v1.5 Expandable calculations on big integers (HO)
))
\Fld@menulength=\count291
\Field@Width=\dimen272
\Fld@charsize=\dimen273
Package hyperref Info: Hyper figures OFF on input line 6430.
Package hyperref Info: Link nesting OFF on input line 6435.
Package hyperref Info: Hyper index ON on input line 6438.
Package hyperref Info: backreferencing OFF on input line 6445.
Package hyperref Info: Link coloring OFF on input line 6450.
Package hyperref Info: Link coloring with OCG OFF on input line 6455.
Package hyperref Info: PDF/A mode OFF on input line 6460.
LaTeX Info: Redefining \ref on input line 6500.
LaTeX Info: Redefining \pageref on input line 6504.
 (/usr/share/texlive/texmf-dist/tex/generic/atbegshi/atbegshi.sty
Package: atbegshi 2019/12/05 v1.19 At begin shipout hook (HO)
)
\Hy@abspage=\count292
\c@Item=\count293
\c@Hfootnote=\count294
)
Package hyperref Info: Driver (autodetected): hpdftex.
 (/usr/share/texlive/texmf-dist/tex/latex/hyperref/hpdftex.def
File: hpdftex.def 2020/01/14 v7.00d Hyperref driver for pdfTeX
 (/usr/share/texlive/texmf-dist/tex/latex/atveryend/atveryend.sty
Package: atveryend 2019-12-11 v1.11 Hooks at the very end of document (HO)
)
\Fld@listcount=\count295
\c@bookmark@seq@number=\count296
 (/usr/share/texlive/texmf-dist/tex/latex/rerunfilecheck/rerunfilecheck.sty
Package: rerunfilecheck 2019/12/05 v1.9 Rerun checks for auxiliary files (HO)
 (/usr/share/texlive/texmf-dist/tex/generic/uniquecounter/uniquecounter.sty
Package: uniquecounter 2019/12/15 v1.4 Provide unlimited unique counter (HO)
)
Package uniquecounter Info: New unique counter `rerunfilecheck' on input line 286.
)
\Hy@SectionHShift=\skip57
) (/usr/share/texlive/texmf-dist/tex/latex/caption/subcaption.sty
Package: subcaption 2020/01/22 v1.3d Sub-captions (AR)
 (/usr/share/texlive/texmf-dist/tex/latex/caption/caption.sty
Package: caption 2020/01/03 v3.4h Customizing captions (AR)
 (/usr/share/texlive/texmf-dist/tex/latex/caption/caption3.sty
Package: caption3 2020/01/03 v1.8h caption3 kernel (AR)
Package caption3 Info: TeX engine: e-TeX on input line 61.
\captionmargin=\dimen274
\captionmargin@=\dimen275
\captionwidth=\dimen276
\caption@tempdima=\dimen277
\caption@indent=\dimen278
\caption@parindent=\dimen279
\caption@hangindent=\dimen280
Package caption Info: Standard document class detected.
)
\c@caption@flags=\count297
\c@continuedfloat=\count298
Package caption Info: float package is loaded.
Package caption Info: hyperref package is loaded.
)
\c@subfigure=\count299
\c@subtable=\count300
) (/usr/share/texlive/texmf-dist/tex/latex/l3backend/l3backend-pdfmode.def
File: l3backend-pdfmode.def 2020-02-03 L3 backend support: PDF mode
\l__kernel_color_stack_int=\count301
\l__pdf_internal_box=\box61
) (/media/nirajan/cea4c185-1562-436a-bf0b-3d5b8338414e/Wine Quality Classification/Report/main.aux (/media/nirajan/cea4c185-1562-436a-bf0b-3d5b8338414e/Wine Quality Classification/Report/title.aux) (/media/nirajan/cea4c185-1562-436a-bf0b-3d5b8338414e/Wine Quality Classification/Report/chapter/abstract.aux) (/media/nirajan/cea4c185-1562-436a-bf0b-3d5b8338414e/Wine Quality Classification/Report/chapter/introduction.aux) (/media/nirajan/cea4c185-1562-436a-bf0b-3d5b8338414e/Wine Quality Classification/Report/chapter/project_management.aux) (/media/nirajan/cea4c185-1562-436a-bf0b-3d5b8338414e/Wine Quality Classification/Report/chapter/data_preprocessing.aux) (/media/nirajan/cea4c185-1562-436a-bf0b-3d5b8338414e/Wine Quality Classification/Report/chapter/model.aux) (/media/nirajan/cea4c185-1562-436a-bf0b-3d5b8338414e/Wine Quality Classification/Report/chapter/conclusion.aux))
\openout1 = `main.aux'.

LaTeX Font Info:    Checking defaults for OML/cmm/m/it on input line 25.
LaTeX Font Info:    ... okay on input line 25.
LaTeX Font Info:    Checking defaults for OMS/cmsy/m/n on input line 25.
LaTeX Font Info:    ... okay on input line 25.
LaTeX Font Info:    Checking defaults for OT1/cmr/m/n on input line 25.
LaTeX Font Info:    ... okay on input line 25.
LaTeX Font Info:    Checking defaults for T1/cmr/m/n on input line 25.
LaTeX Font Info:    ... okay on input line 25.
LaTeX Font Info:    Checking defaults for TS1/cmr/m/n on input line 25.
LaTeX Font Info:    ... okay on input line 25.
LaTeX Font Info:    Checking defaults for OMX/cmex/m/n on input line 25.
LaTeX Font Info:    ... okay on input line 25.
LaTeX Font Info:    Checking defaults for U/cmr/m/n on input line 25.
LaTeX Font Info:    ... okay on input line 25.
LaTeX Font Info:    Checking defaults for PD1/pdf/m/n on input line 25.
LaTeX Font Info:    ... okay on input line 25.

*geometry* driver: auto-detecting
*geometry* detected driver: pdftex
*geometry* verbose mode - [ preamble ] result:
* driver: pdftex
* paper: a4paper
* layout: <same size as paper>
* layoutoffset:(h,v)=(0.0pt,0.0pt)
* bindingoffset: 14.45377pt
* modes: 
* h-part:(L,W,R)=(54.2025pt, 491.2709pt, 37.5807pt)
* v-part:(T,H,B)=(54.2025pt, 686.77538pt, 104.06897pt)
* \paperwidth=597.50787pt
* \paperheight=845.04684pt
* \textwidth=491.2709pt
* \textheight=686.77538pt
* \oddsidemargin=-3.61372pt
* \evensidemargin=-18.06749pt
* \topmargin=-55.06749pt
* \headheight=12.0pt
* \headsep=25.0pt
* \topskip=12.0pt
* \footskip=18.06749pt
* \marginparwidth=35.0pt
* \marginparsep=10.0pt
* \columnsep=10.0pt
* \skip\footins=10.8pt plus 4.0pt minus 2.0pt
* \hoffset=0.0pt
* \voffset=0.0pt
* \mag=1000
* \@twocolumnfalse
* \@twosidefalse
* \@mparswitchfalse
* \@reversemarginfalse
* (1in=72.27pt=25.4mm, 1cm=28.453pt)

(/usr/share/texlive/texmf-dist/tex/context/base/mkii/supp-pdf.mkii
[Loading MPS to PDF converter (version 2006.09.02).]
\scratchcounter=\count302
\scratchdimen=\dimen281
\scratchbox=\box62
\nofMPsegments=\count303
\nofMParguments=\count304
\everyMPshowfont=\toks36
\MPscratchCnt=\count305
\MPscratchDim=\dimen282
\MPnumerator=\count306
\makeMPintoPDFobject=\count307
\everyMPtoPDFconversion=\toks37
) (/usr/share/texlive/texmf-dist/tex/latex/epstopdf-pkg/epstopdf-base.sty
Package: epstopdf-base 2020-01-24 v2.11 Base part for package epstopdf
Package epstopdf-base Info: Redefining graphics rule for `.eps' on input line 485.
 (/usr/share/texlive/texmf-dist/tex/latex/latexconfig/epstopdf-sys.cfg
File: epstopdf-sys.cfg 2010/07/13 v1.3 Configuration of (r)epstopdf for TeX Live
)) ABD: EveryShipout initializing macros
\AtBeginShipoutBox=\box63
Package hyperref Info: Link coloring OFF on input line 25.
 (/usr/share/texlive/texmf-dist/tex/latex/hyperref/nameref.sty
Package: nameref 2019/09/16 v2.46 Cross-referencing by name of section
 (/usr/share/texlive/texmf-dist/tex/latex/refcount/refcount.sty
Package: refcount 2019/12/15 v3.6 Data extraction from label references (HO)
) (/usr/share/texlive/texmf-dist/tex/generic/gettitlestring/gettitlestring.sty
Package: gettitlestring 2019/12/15 v1.6 Cleanup title references (HO)
)
\c@section@level=\count308
)
LaTeX Info: Redefining \ref on input line 25.
LaTeX Info: Redefining \pageref on input line 25.
LaTeX Info: Redefining \nameref on input line 25.
 (/media/nirajan/cea4c185-1562-436a-bf0b-3d5b8338414e/Wine Quality Classification/Report/main.out) (/media/nirajan/cea4c185-1562-436a-bf0b-3d5b8338414e/Wine Quality Classification/Report/main.out)
\@outlinefile=\write4
\openout4 = `main.out'.

Package caption Info: Begin \AtBeginDocument code.
Package caption Info: End \AtBeginDocument code.
\openout2 = `title.aux'.

 (/media/nirajan/cea4c185-1562-436a-bf0b-3d5b8338414e/Wine Quality Classification/Report/title.tex [1


{/var/lib/texmf/fonts/map/pdftex/updmap/pdftex.map}] (/media/nirajan/cea4c185-1562-436a-bf0b-3d5b8338414e/Wine Quality Classification/Report/main.toc)
\tf@toc=\write5
\openout5 = `main.toc'.

 [2

] (/media/nirajan/cea4c185-1562-436a-bf0b-3d5b8338414e/Wine Quality Classification/Report/main.lof
Overfull \hbox (19.57468pt too wide) in paragraph at lines 24--24
 [][] [][]\OT1/cmr/m/n/12 Confusion ma-trix and clas-si-fi-ca-tion re-port for lo-gis-tic re-gres-sion model with multi[]class 
 []


Overfull \hbox (19.57468pt too wide) in paragraph at lines 25--25
 [][] [][]\OT1/cmr/m/n/12 Confusion ma-trix and clas-si-fi-ca-tion re-port for lo-gis-tic re-gres-sion model with multi[]class 
 []

)
\tf@lof=\write6
\openout6 = `main.lof'.

 [3


] (/media/nirajan/cea4c185-1562-436a-bf0b-3d5b8338414e/Wine Quality Classification/Report/main.lot)
\tf@lot=\write7
\openout7 = `main.lot'.

 [4


])
\openout2 = `chapter/abstract.aux'.

 (/media/nirajan/cea4c185-1562-436a-bf0b-3d5b8338414e/Wine Quality Classification/Report/chapter/abstract.tex
Chapter 1.
) [5




]
\openout2 = `chapter/introduction.aux'.

 (/media/nirajan/cea4c185-1562-436a-bf0b-3d5b8338414e/Wine Quality Classification/Report/chapter/introduction.tex
Chapter 2.
[6



]
<image/data_info.png, id=252, 508.90125pt x 347.2975pt>
File: image/data_info.png Graphic file (type png)
<use image/data_info.png>
Package pdftex.def Info: image/data_info.png  used on input line 31.
(pdftex.def)             Requested size: 356.22844pt x 243.10658pt.
<image/data_statistics/whole_dataset_countplot.png, id=254, 663.47874pt x 470.75874pt>
File: image/data_statistics/whole_dataset_countplot.png Graphic file (type png)
<use image/data_statistics/whole_dataset_countplot.png>
Package pdftex.def Info: image/data_statistics/whole_dataset_countplot.png  used on input line 45.
(pdftex.def)             Requested size: 464.43195pt x 329.52887pt.
 [7 </media/nirajan/cea4c185-1562-436a-bf0b-3d5b8338414e/Wine Quality Classification/Report/image/data_info.png>]
<image/data_statistics/wineQualityTransformCode.png, id=263, 654.445pt x 132.495pt>
File: image/data_statistics/wineQualityTransformCode.png Graphic file (type png)
<use image/data_statistics/wineQualityTransformCode.png>
Package pdftex.def Info: image/data_statistics/wineQualityTransformCode.png  used on input line 57.
(pdftex.def)             Requested size: 458.10838pt x 92.74585pt.
<image/data_statistics/transformed_whole_dataset_countplot.png, id=264, 680.5425pt x 493.845pt>
File: image/data_statistics/transformed_whole_dataset_countplot.png Graphic file (type png)
<use image/data_statistics/transformed_whole_dataset_countplot.png>
Package pdftex.def Info: image/data_statistics/transformed_whole_dataset_countplot.png  used on input line 65.
(pdftex.def)             Requested size: 476.3765pt x 345.68913pt.
 [8 </media/nirajan/cea4c185-1562-436a-bf0b-3d5b8338414e/Wine Quality Classification/Report/image/data_statistics/whole_dataset_countplot.png> </media/nirajan/cea4c185-1562-436a-bf0b-3d5b8338414e/Wine Quality Classification/Report/image/data_statistics/wineQualityTransformCode.png>]
<image/data_statistics/train_dataset.png, id=271, 847.165pt x 439.6425pt>
File: image/data_statistics/train_dataset.png Graphic file (type png)
<use image/data_statistics/train_dataset.png>
Package pdftex.def Info: image/data_statistics/train_dataset.png  used on input line 75.
(pdftex.def)             Requested size: 423.58145pt x 219.82071pt.
 [9 </media/nirajan/cea4c185-1562-436a-bf0b-3d5b8338414e/Wine Quality Classification/Report/image/data_statistics/transformed_whole_dataset_countplot.png>]
<image/data_statistics/test_dataset.png, id=277, 846.16125pt x 445.665pt>
File: image/data_statistics/test_dataset.png Graphic file (type png)
<use image/data_statistics/test_dataset.png>
Package pdftex.def Info: image/data_statistics/test_dataset.png  used on input line 83.
(pdftex.def)             Requested size: 423.07959pt x 222.83195pt.
 [10 </media/nirajan/cea4c185-1562-436a-bf0b-3d5b8338414e/Wine Quality Classification/Report/image/data_statistics/train_dataset.png> </media/nirajan/cea4c185-1562-436a-bf0b-3d5b8338414e/Wine Quality Classification/Report/image/data_statistics/test_dataset.png>]
<image/frontend.png, id=284, 1734.48pt x 973.6375pt>
File: image/frontend.png Graphic file (type png)
<use image/frontend.png>
Package pdftex.def Info: image/frontend.png  used on input line 105.
(pdftex.def)             Requested size: 468.31587pt x 262.88564pt.
 [11]) [12 </media/nirajan/cea4c185-1562-436a-bf0b-3d5b8338414e/Wine Quality Classification/Report/image/frontend.png>]
\openout2 = `chapter/project_management.aux'.

 (/media/nirajan/cea4c185-1562-436a-bf0b-3d5b8338414e/Wine Quality Classification/Report/chapter/project_management.tex
Chapter 3.
<image/project_management/agile.jpg, id=294, 301.125pt x 281.05pt>
File: image/project_management/agile.jpg Graphic file (type jpg)
<use image/project_management/agile.jpg>
Package pdftex.def Info: image/project_management/agile.jpg  used on input line 7.
(pdftex.def)             Requested size: 271.00998pt x 252.94264pt.
<image/project_management/trello.png, id=295, 1473.505pt x 790.955pt>
File: image/project_management/trello.png Graphic file (type png)
<use image/project_management/trello.png>
Package pdftex.def Info: image/project_management/trello.png  used on input line 16.
(pdftex.def)             Requested size: 486.25816pt x 261.01596pt.
[13



 </media/nirajan/cea4c185-1562-436a-bf0b-3d5b8338414e/Wine Quality Classification/Report/image/project_management/agile.jpg>]
<image/project_management/discord.png, id=301, 1537.745pt x 906.38625pt>
File: image/project_management/discord.png Graphic file (type png)
<use image/project_management/discord.png>
Package pdftex.def Info: image/project_management/discord.png  used on input line 26.
(pdftex.def)             Requested size: 461.32706pt x 271.91797pt.
<image/project_management/excel.png, id=302, 1231.60126pt x 985.6825pt>
File: image/project_management/excel.png Graphic file (type png)
<use image/project_management/excel.png>
Package pdftex.def Info: image/project_management/excel.png  used on input line 35.
(pdftex.def)             Requested size: 480.32256pt x 384.41463pt.
 [14 </media/nirajan/cea4c185-1562-436a-bf0b-3d5b8338414e/Wine Quality Classification/Report/image/project_management/trello.png> </media/nirajan/cea4c185-1562-436a-bf0b-3d5b8338414e/Wine Quality Classification/Report/image/project_management/discord.png>]) [15 </media/nirajan/cea4c185-1562-436a-bf0b-3d5b8338414e/Wine Quality Classification/Report/image/project_management/excel.png>]
\openout2 = `chapter/data_preprocessing.aux'.

 (/media/nirajan/cea4c185-1562-436a-bf0b-3d5b8338414e/Wine Quality Classification/Report/chapter/data_preprocessing.tex
Chapter 4.

Overfull \hbox (17.94423pt too wide) in paragraph at lines 9--35
 [] 
 []

[16



]
<image/preprocessing/corr_heat_map.png, id=319, 883.3pt x 778.91pt>
File: image/preprocessing/corr_heat_map.png Graphic file (type png)
<use image/preprocessing/corr_heat_map.png>
Package pdftex.def Info: image/preprocessing/corr_heat_map.png  used on input line 77.
(pdftex.def)             Requested size: 441.64893pt x 389.45406pt.
<image/preprocessing/original_data_untransformed_distribution.png, id=320, 1006.76125pt x 674.52pt>
File: image/preprocessing/original_data_untransformed_distribution.png Graphic file (type png)
<use image/preprocessing/original_data_untransformed_distribution.png>
Package pdftex.def Info: image/preprocessing/original_data_untransformed_distribution.png  used on input line 84.
(pdftex.def)             Requested size: 402.69736pt x 269.80322pt.
 [17 </media/nirajan/cea4c185-1562-436a-bf0b-3d5b8338414e/Wine Quality Classification/Report/image/preprocessing/corr_heat_map.png>]
<image/preprocessing/boxplot_whole_data.png, id=326, 963.6pt x 678.535pt>
File: image/preprocessing/boxplot_whole_data.png Graphic file (type png)
<use image/preprocessing/boxplot_whole_data.png>
Package pdftex.def Info: image/preprocessing/boxplot_whole_data.png  used on input line 91.
(pdftex.def)             Requested size: 385.43317pt x 271.40918pt.
 [18 </media/nirajan/cea4c185-1562-436a-bf0b-3d5b8338414e/Wine Quality Classification/Report/image/preprocessing/original_data_untransformed_distribution.png> </media/nirajan/cea4c185-1562-436a-bf0b-3d5b8338414e/Wine Quality Classification/Report/image/preprocessing/boxplot_whole_data.png>]
<image/preprocessing/min_max_scaled/dist_log_transformed_data.png, id=333, 999.735pt x 675.52374pt>
File: image/preprocessing/min_max_scaled/dist_log_transformed_data.png Graphic file (type png)
<use image/preprocessing/min_max_scaled/dist_log_transformed_data.png>
Package pdftex.def Info: image/preprocessing/min_max_scaled/dist_log_transformed_data.png  used on input line 101.
(pdftex.def)             Requested size: 349.91249pt x 236.43684pt.
<image/preprocessing/min_max_scaled/dist_boxcox_transformed.png, id=334, 999.735pt x 676.5275pt>
File: image/preprocessing/min_max_scaled/dist_boxcox_transformed.png Graphic file (type png)
<use image/preprocessing/min_max_scaled/dist_boxcox_transformed.png>
Package pdftex.def Info: image/preprocessing/min_max_scaled/dist_boxcox_transformed.png  used on input line 108.
(pdftex.def)             Requested size: 349.91249pt x 236.78816pt.
<image/preprocessing/min_max_scaled/boxplot_log_transformed.png, id=335, 964.60374pt x 677.53125pt>
File: image/preprocessing/min_max_scaled/boxplot_log_transformed.png Graphic file (type png)
<use image/preprocessing/min_max_scaled/boxplot_log_transformed.png>
Package pdftex.def Info: image/preprocessing/min_max_scaled/boxplot_log_transformed.png  used on input line 115.
(pdftex.def)             Requested size: 385.83466pt x 271.00769pt.
 [19 </media/nirajan/cea4c185-1562-436a-bf0b-3d5b8338414e/Wine Quality Classification/Report/image/preprocessing/min_max_scaled/dist_log_transformed_data.png> </media/nirajan/cea4c185-1562-436a-bf0b-3d5b8338414e/Wine Quality Classification/Report/image/preprocessing/min_max_scaled/dist_boxcox_transformed.png>]
<image/preprocessing/min_max_scaled/boxplot_boxcox.png, id=343, 967.615pt x 683.55376pt>
File: image/preprocessing/min_max_scaled/boxplot_boxcox.png Graphic file (type png)
<use image/preprocessing/min_max_scaled/boxplot_boxcox.png>
Package pdftex.def Info: image/preprocessing/min_max_scaled/boxplot_boxcox.png  used on input line 122.
(pdftex.def)             Requested size: 387.03915pt x 273.41666pt.
) [20 </media/nirajan/cea4c185-1562-436a-bf0b-3d5b8338414e/Wine Quality Classification/Report/image/preprocessing/min_max_scaled/boxplot_log_transformed.png> </media/nirajan/cea4c185-1562-436a-bf0b-3d5b8338414e/Wine Quality Classification/Report/image/preprocessing/min_max_scaled/boxplot_boxcox.png>]
\openout2 = `chapter/model.aux'.

 (/media/nirajan/cea4c185-1562-436a-bf0b-3d5b8338414e/Wine Quality Classification/Report/chapter/model.tex
Chapter 5.
<image/model_evaluation/logistic/cm_logistic_v3.png, id=350, 546.04pt x 452.69125pt>
File: image/model_evaluation/logistic/cm_logistic_v3.png Graphic file (type png)
<use image/model_evaluation/logistic/cm_logistic_v3.png>
Package pdftex.def Info: image/model_evaluation/logistic/cm_logistic_v3.png  used on input line 33.
(pdftex.def)             Requested size: 196.50536pt x 162.91345pt.
<image/model_evaluation/logistic/cr_logistic_v3.png, id=351, 487.8225pt x 203.76125pt>
File: image/model_evaluation/logistic/cr_logistic_v3.png Graphic file (type png)
<use image/model_evaluation/logistic/cr_logistic_v3.png>
Package pdftex.def Info: image/model_evaluation/logistic/cr_logistic_v3.png  used on input line 38.
(pdftex.def)             Requested size: 196.50536pt x 82.07823pt.
[21



]
<image/model_evaluation/logistic/cm_logistic_v2.png, id=356, 573.14125pt x 448.67625pt>
File: image/model_evaluation/logistic/cm_logistic_v2.png Graphic file (type png)
<use image/model_evaluation/logistic/cm_logistic_v2.png>
Package pdftex.def Info: image/model_evaluation/logistic/cm_logistic_v2.png  used on input line 47.
(pdftex.def)             Requested size: 196.50536pt x 153.83499pt.
<image/model_evaluation/logistic/cr_logistic_v2.png, id=357, 473.77pt x 200.75pt>
File: image/model_evaluation/logistic/cr_logistic_v2.png Graphic file (type png)
<use image/model_evaluation/logistic/cr_logistic_v2.png>
Package pdftex.def Info: image/model_evaluation/logistic/cr_logistic_v2.png  used on input line 52.
(pdftex.def)             Requested size: 196.50536pt x 83.26373pt.
File: image/model_evaluation/logistic/cm_logistic_v2.png Graphic file (type png)
<use image/model_evaluation/logistic/cm_logistic_v2.png>
Package pdftex.def Info: image/model_evaluation/logistic/cm_logistic_v2.png  used on input line 64.
(pdftex.def)             Requested size: 245.63545pt x 192.29716pt.
File: image/model_evaluation/logistic/cr_logistic_v2.png Graphic file (type png)
<use image/model_evaluation/logistic/cr_logistic_v2.png>
Package pdftex.def Info: image/model_evaluation/logistic/cr_logistic_v2.png  used on input line 69.
(pdftex.def)             Requested size: 196.50536pt x 83.26373pt.
 [22 </media/nirajan/cea4c185-1562-436a-bf0b-3d5b8338414e/Wine Quality Classification/Report/image/model_evaluation/logistic/cm_logistic_v3.png> </media/nirajan/cea4c185-1562-436a-bf0b-3d5b8338414e/Wine Quality Classification/Report/image/model_evaluation/logistic/cr_logistic_v3.png> </media/nirajan/cea4c185-1562-436a-bf0b-3d5b8338414e/Wine Quality Classification/Report/image/model_evaluation/logistic/cm_logistic_v2.png> </media/nirajan/cea4c185-1562-436a-bf0b-3d5b8338414e/Wine Quality Classification/Report/image/model_evaluation/logistic/cr_logistic_v2.png>]
<image/model_evaluation/boosting/cm_xgb_v1.png, id=367, 532.99126pt x 444.66125pt>
File: image/model_evaluation/boosting/cm_xgb_v1.png Graphic file (type png)
<use image/model_evaluation/boosting/cm_xgb_v1.png>
Package pdftex.def Info: image/model_evaluation/boosting/cm_xgb_v1.png  used on input line 107.
(pdftex.def)             Requested size: 245.63545pt x 204.9266pt.
<image/model_evaluation/boosting/cr_xgb_v1.png, id=368, 495.8525pt x 207.77625pt>
File: image/model_evaluation/boosting/cr_xgb_v1.png Graphic file (type png)
<use image/model_evaluation/boosting/cr_xgb_v1.png>
Package pdftex.def Info: image/model_evaluation/boosting/cr_xgb_v1.png  used on input line 112.
(pdftex.def)             Requested size: 196.50536pt x 82.34178pt.
 [23]
<image/model_evaluation/boosting/cm_xgb_v2.png, id=373, 537.00626pt x 435.6275pt>
File: image/model_evaluation/boosting/cm_xgb_v2.png Graphic file (type png)
<use image/model_evaluation/boosting/cm_xgb_v2.png>
Package pdftex.def Info: image/model_evaluation/boosting/cm_xgb_v2.png  used on input line 121.
(pdftex.def)             Requested size: 245.63545pt x 199.26106pt.
<image/model_evaluation/boosting/cr_xgb_v2.png, id=374, 473.77pt x 189.70876pt>
File: image/model_evaluation/boosting/cr_xgb_v2.png Graphic file (type png)
<use image/model_evaluation/boosting/cr_xgb_v2.png>
Package pdftex.def Info: image/model_evaluation/boosting/cr_xgb_v2.png  used on input line 126.
(pdftex.def)             Requested size: 196.50536pt x 78.68423pt.
<image/model_evaluation/boosting/cm_ada.png, id=375, 541.02126pt x 441.65pt>
File: image/model_evaluation/boosting/cm_ada.png Graphic file (type png)
<use image/model_evaluation/boosting/cm_ada.png>
Package pdftex.def Info: image/model_evaluation/boosting/cm_ada.png  used on input line 156.
(pdftex.def)             Requested size: 245.63545pt x 200.51976pt.
<image/model_evaluation/boosting/cr_ada.png, id=376, 479.7925pt x 205.76875pt>
File: image/model_evaluation/boosting/cr_ada.png Graphic file (type png)
<use image/model_evaluation/boosting/cr_ada.png>
Package pdftex.def Info: image/model_evaluation/boosting/cr_ada.png  used on input line 161.
(pdftex.def)             Requested size: 196.50536pt x 84.27467pt.
 [24 </media/nirajan/cea4c185-1562-436a-bf0b-3d5b8338414e/Wine Quality Classification/Report/image/model_evaluation/boosting/cm_xgb_v1.png> </media/nirajan/cea4c185-1562-436a-bf0b-3d5b8338414e/Wine Quality Classification/Report/image/model_evaluation/boosting/cr_xgb_v1.png> </media/nirajan/cea4c185-1562-436a-bf0b-3d5b8338414e/Wine Quality Classification/Report/image/model_evaluation/boosting/cm_xgb_v2.png> </media/nirajan/cea4c185-1562-436a-bf0b-3d5b8338414e/Wine Quality Classification/Report/image/model_evaluation/boosting/cr_xgb_v2.png>]
<image/model_evaluation/boosting/cm_gradient.png, id=385, 528.97626pt x 436.63126pt>
File: image/model_evaluation/boosting/cm_gradient.png Graphic file (type png)
<use image/model_evaluation/boosting/cm_gradient.png>
Package pdftex.def Info: image/model_evaluation/boosting/cm_gradient.png  used on input line 170.
(pdftex.def)             Requested size: 245.63545pt x 202.7516pt.
<image/model_evaluation/boosting/cr_gradient.png, id=386, 463.7325pt x 191.71625pt>
File: image/model_evaluation/boosting/cr_gradient.png Graphic file (type png)
<use image/model_evaluation/boosting/cr_gradient.png>
Package pdftex.def Info: image/model_evaluation/boosting/cr_gradient.png  used on input line 175.
(pdftex.def)             Requested size: 196.50536pt x 81.2399pt.
<image/model_evaluation/boosting/cm_lgbm.png, id=387, 522.95375pt x 445.665pt>
File: image/model_evaluation/boosting/cm_lgbm.png Graphic file (type png)
<use image/model_evaluation/boosting/cm_lgbm.png>
Package pdftex.def Info: image/model_evaluation/boosting/cm_lgbm.png  used on input line 184.
(pdftex.def)             Requested size: 245.63545pt x 209.33337pt.
<image/model_evaluation/boosting/cr_lgbm.png, id=388, 468.75125pt x 196.735pt>
File: image/model_evaluation/boosting/cr_lgbm.png Graphic file (type png)
<use image/model_evaluation/boosting/cr_lgbm.png>
Package pdftex.def Info: image/model_evaluation/boosting/cr_lgbm.png  used on input line 189.
(pdftex.def)             Requested size: 196.50536pt x 82.47202pt.
 [25 </media/nirajan/cea4c185-1562-436a-bf0b-3d5b8338414e/Wine Quality Classification/Report/image/model_evaluation/boosting/cm_ada.png> </media/nirajan/cea4c185-1562-436a-bf0b-3d5b8338414e/Wine Quality Classification/Report/image/model_evaluation/boosting/cr_ada.png> </media/nirajan/cea4c185-1562-436a-bf0b-3d5b8338414e/Wine Quality Classification/Report/image/model_evaluation/boosting/cm_gradient.png> </media/nirajan/cea4c185-1562-436a-bf0b-3d5b8338414e/Wine Quality Classification/Report/image/model_evaluation/boosting/cr_gradient.png>]
Overfull \hbox (15.04797pt too wide) in paragraph at lines 209--218
 [] 
 []

<image/model_evaluation/rf_svm/cm_rf_v1.png, id=398, 485.815pt x 399.4925pt>
File: image/model_evaluation/rf_svm/cm_rf_v1.png Graphic file (type png)
<use image/model_evaluation/rf_svm/cm_rf_v1.png>
Package pdftex.def Info: image/model_evaluation/rf_svm/cm_rf_v1.png  used on input line 225.
(pdftex.def)             Requested size: 245.63545pt x 201.98898pt.
<image/model_evaluation/rf_svm/cr_rf_v1.png, id=399, 420.57124pt x 172.645pt>
File: image/model_evaluation/rf_svm/cr_rf_v1.png Graphic file (type png)
<use image/model_evaluation/rf_svm/cr_rf_v1.png>
Package pdftex.def Info: image/model_evaluation/rf_svm/cr_rf_v1.png  used on input line 230.
(pdftex.def)             Requested size: 196.50536pt x 80.66634pt.
[26 </media/nirajan/cea4c185-1562-436a-bf0b-3d5b8338414e/Wine Quality Classification/Report/image/model_evaluation/boosting/cm_lgbm.png> </media/nirajan/cea4c185-1562-436a-bf0b-3d5b8338414e/Wine Quality Classification/Report/image/model_evaluation/boosting/cr_lgbm.png>]
<image/model_evaluation/rf_svm/cm_rf_v2.png, id=406, 499.8675pt x 466.74374pt>
File: image/model_evaluation/rf_svm/cm_rf_v2.png Graphic file (type png)
<use image/model_evaluation/rf_svm/cm_rf_v2.png>
Package pdftex.def Info: image/model_evaluation/rf_svm/cm_rf_v2.png  used on input line 239.
(pdftex.def)             Requested size: 245.63545pt x 229.35452pt.
<image/model_evaluation/rf_svm/cr_rf_v2.png, id=407, 463.7325pt x 179.67125pt>
File: image/model_evaluation/rf_svm/cr_rf_v2.png Graphic file (type png)
<use image/model_evaluation/rf_svm/cr_rf_v2.png>
Package pdftex.def Info: image/model_evaluation/rf_svm/cr_rf_v2.png  used on input line 244.
(pdftex.def)             Requested size: 196.50536pt x 76.13582pt.
 [27 </media/nirajan/cea4c185-1562-436a-bf0b-3d5b8338414e/Wine Quality Classification/Report/image/model_evaluation/rf_svm/cm_rf_v1.png> </media/nirajan/cea4c185-1562-436a-bf0b-3d5b8338414e/Wine Quality Classification/Report/image/model_evaluation/rf_svm/cr_rf_v1.png> </media/nirajan/cea4c185-1562-436a-bf0b-3d5b8338414e/Wine Quality Classification/Report/image/model_evaluation/rf_svm/cm_rf_v2.png> </media/nirajan/cea4c185-1562-436a-bf0b-3d5b8338414e/Wine Quality Classification/Report/image/model_evaluation/rf_svm/cr_rf_v2.png>]
<image/model_evaluation/rf_svm/cm_svm_v1.png, id=416, 421.575pt x 348.30125pt>
File: image/model_evaluation/rf_svm/cm_svm_v1.png Graphic file (type png)
<use image/model_evaluation/rf_svm/cm_svm_v1.png>
Package pdftex.def Info: image/model_evaluation/rf_svm/cm_svm_v1.png  used on input line 275.
(pdftex.def)             Requested size: 245.63545pt x 202.94493pt.
<image/model_evaluation/rf_svm/cr_svm_v1.png, id=417, 382.42876pt x 160.6pt>
File: image/model_evaluation/rf_svm/cr_svm_v1.png Graphic file (type png)
<use image/model_evaluation/rf_svm/cr_svm_v1.png>
Package pdftex.def Info: image/model_evaluation/rf_svm/cr_svm_v1.png  used on input line 280.
(pdftex.def)             Requested size: 196.50536pt x 82.52245pt.
<image/model_evaluation/rf_svm/cm_svm_v2.png, id=418, 449.68pt x 396.48125pt>
File: image/model_evaluation/rf_svm/cm_svm_v2.png Graphic file (type png)
<use image/model_evaluation/rf_svm/cm_svm_v2.png>
Package pdftex.def Info: image/model_evaluation/rf_svm/cm_svm_v2.png  used on input line 290.
(pdftex.def)             Requested size: 245.63545pt x 216.5771pt.
<image/model_evaluation/rf_svm/cr_svm_v2.png, id=419, 395.4775pt x 150.5625pt>
File: image/model_evaluation/rf_svm/cr_svm_v2.png Graphic file (type png)
<use image/model_evaluation/rf_svm/cr_svm_v2.png>
Package pdftex.def Info: image/model_evaluation/rf_svm/cr_svm_v2.png  used on input line 295.
(pdftex.def)             Requested size: 196.50536pt x 74.81238pt.
) [28 </media/nirajan/cea4c185-1562-436a-bf0b-3d5b8338414e/Wine Quality Classification/Report/image/model_evaluation/rf_svm/cm_svm_v1.png> </media/nirajan/cea4c185-1562-436a-bf0b-3d5b8338414e/Wine Quality Classification/Report/image/model_evaluation/rf_svm/cr_svm_v1.png> </media/nirajan/cea4c185-1562-436a-bf0b-3d5b8338414e/Wine Quality Classification/Report/image/model_evaluation/rf_svm/cm_svm_v2.png> </media/nirajan/cea4c185-1562-436a-bf0b-3d5b8338414e/Wine Quality Classification/Report/image/model_evaluation/rf_svm/cr_svm_v2.png>]
\openout2 = `chapter/conclusion.aux'.

 (/media/nirajan/cea4c185-1562-436a-bf0b-3d5b8338414e/Wine Quality Classification/Report/chapter/conclusion.tex
Chapter 6.
) [29



]
Package atveryend Info: Empty hook `BeforeClearDocument' on input line 34.
Package atveryend Info: Empty hook `AfterLastShipout' on input line 34.
 (/media/nirajan/cea4c185-1562-436a-bf0b-3d5b8338414e/Wine Quality Classification/Report/main.aux (/media/nirajan/cea4c185-1562-436a-bf0b-3d5b8338414e/Wine Quality Classification/Report/title.aux) (/media/nirajan/cea4c185-1562-436a-bf0b-3d5b8338414e/Wine Quality Classification/Report/chapter/abstract.aux) (/media/nirajan/cea4c185-1562-436a-bf0b-3d5b8338414e/Wine Quality Classification/Report/chapter/introduction.aux) (/media/nirajan/cea4c185-1562-436a-bf0b-3d5b8338414e/Wine Quality Classification/Report/chapter/project_management.aux) (/media/nirajan/cea4c185-1562-436a-bf0b-3d5b8338414e/Wine Quality Classification/Report/chapter/data_preprocessing.aux) (/media/nirajan/cea4c185-1562-436a-bf0b-3d5b8338414e/Wine Quality Classification/Report/chapter/model.aux) (/media/nirajan/cea4c185-1562-436a-bf0b-3d5b8338414e/Wine Quality Classification/Report/chapter/conclusion.aux))
Package atveryend Info: Executing hook `AtVeryEndDocument' on input line 34.
Package atveryend Info: Executing hook `AtEndAfterFileList' on input line 34.
Package rerunfilecheck Info: File `main.out' has not changed.
(rerunfilecheck)             Checksum: 7CB69361C82DB7B1ED9221BFF877C36B;1567.
 ) 
Here is how much of TeX's memory you used:
 19353 strings out of 481239
 371965 string characters out of 5920377
 619839 words of memory out of 5000000
 34053 multiletter control sequences out of 15000+600000
 538172 words of font info for 44 fonts, out of 8000000 for 9000
 1141 hyphenation exceptions out of 8191
 60i,9n,60p,1248b,487s stack positions out of 5000i,500n,10000p,200000b,80000s
</usr/share/texlive/texmf-dist/fonts/type1/public/amsfonts/cm/cmbx12.pfb></usr/share/texlive/texmf-dist/fonts/type1/public/amsfonts/cm/cmmi8.pfb></usr/share/texlive/texmf-dist/fonts/type1/public/amsfonts/cm/cmr10.pfb></usr/share/texlive/texmf-dist/fonts/type1/public/amsfonts/cm/cmr12.pfb>
Output written on "/media/nirajan/cea4c185-1562-436a-bf0b-3d5b8338414e/Wine Quality Classification/Report/main.pdf" (29 pages, 1446201 bytes).
PDF statistics:
 472 PDF objects out of 1000 (max. 8388607)
 354 compressed objects within 4 object streams
 107 named destinations out of 1000 (max. 500000)
 413 words of extra memory for PDF output out of 10000 (max. 10000000)

